GET /profile 404 146 - 4.375 ms
GET / 200 278 - 23.510 ms
GET / 304 - - 7.507 ms
GET / 200 526 - 16.317 ms
GET / 200 643 - 15.598 ms
GET /login 200 1330 - 6.568 ms
GET /login 200 1330 - 11.664 ms
GET /login 304 - - 5.404 ms
GET / 304 - - 5.085 ms
GET / 304 - - 9.867 ms
GET /login 304 - - 7.403 ms
GET / 304 - - 6.388 ms
GET / 304 - - 5.294 ms
GET / 304 - - 3.736 ms
GET / 304 - - 4.765 ms
GET /login 304 - - 5.747 ms
GET /login 304 - - 5.667 ms
GET / 304 - - 4.063 ms
GET / 304 - - 19.852 ms
GET /login 304 - - 4.981 ms
GET / 304 - - 6.343 ms
GET / 200 1078 - 16.852 ms
GET / 200 1078 - 21.090 ms
GET / 200 1078 - 3.097 ms
GET /login 200 1330 - 3.198 ms
GET / 304 - - 20.821 ms
GET /? 200 1078 - 5.731 ms
GET / 200 1078 - 4.754 ms
GET / 200 1078 - 4.162 ms
GET /? 304 - - 5.302 ms
GET /? 304 - - 3.249 ms
GET /? 304 - - 3.364 ms
GET / 200 1078 - 3.162 ms
GET / 200 1078 - 2.226 ms
GET / 200 1078 - 2.284 ms
GET / 200 1078 - 3.229 ms
GET /? 304 - - 2.885 ms
GET / 200 1078 - 3.312 ms
GET / 200 1078 - 4.545 ms
GET / 200 1078 - 2.234 ms
GET / 200 1078 - 2.788 ms
GET /? 304 - - 4.614 ms
GET /? 304 - - 2.080 ms
GET / 200 1078 - 4.434 ms
